
Showing logs for build [32mcb-kubecd-environment-pr-125-4-sq4w4-1[0m stage [32mfrom-build-pack[0m and container [32mstep-credential-initializer-6jldd[0m
{"level":"warn","ts":1578323638.2379048,"logger":"fallback-logger","caller":"logging/config.go:69","msg":"Fetch GitHub commit ID from kodata failed: \"ref: refs/heads/master\" is not a valid GitHub commit ID"}
{"level":"info","ts":1578323638.244812,"logger":"fallback-logger","caller":"creds-init/main.go:40","msg":"Credentials initialized."}

Showing logs for build [32mcb-kubecd-environment-pr-125-4-sq4w4-1[0m stage [32mfrom-build-pack[0m and container [32mstep-working-dir-initializer-rg8ng[0m
{"level":"warn","ts":1578323639.6019995,"logger":"fallback-logger","caller":"logging/config.go:69","msg":"Fetch GitHub commit ID from kodata failed: open /var/run/ko/HEAD: no such file or directory"}
{"level":"info","ts":1578323639.604211,"logger":"fallback-logger","caller":"bash/main.go:65","msg":"Successfully executed command \"mkdir -p /workspace/source\""}

Showing logs for build [32mcb-kubecd-environment-pr-125-4-sq4w4-1[0m stage [32mfrom-build-pack[0m and container [32mstep-place-tools[0m

Showing logs for build [32mcb-kubecd-environment-pr-125-4-sq4w4-1[0m stage [32mfrom-build-pack[0m and container [32mstep-git-source-cb-kubecd-environment-pr-125-4-tkgqz[0m
{"level":"warn","ts":1578323644.7830505,"logger":"fallback-logger","caller":"logging/config.go:69","msg":"Fetch GitHub commit ID from kodata failed: \"ref: refs/heads/master\" is not a valid GitHub commit ID"}
{"level":"info","ts":1578323645.9803436,"logger":"fallback-logger","caller":"git/git.go:102","msg":"Successfully cloned https://github.com/cb-kubecd/environment-pr-125-4-boot-gke-staging.git @ master in path /workspace/source"}

Showing logs for build [32mcb-kubecd-environment-pr-125-4-sq4w4-1[0m stage [32mfrom-build-pack[0m and container [32mstep-git-merge[0m
Using SHAs from PULL_REFS=master:d41d21d425dd2f49c8c2a3bc15dcb07c222bb40a,6:5fca1a12a724b0b7d607b3889a2ad1a69c0e6087
DEBUG: ran git fetch --unshallow origin 5fca1a12a724b0b7d607b3889a2ad1a69c0e6087: d41d21d425dd2f49c8c2a3bc15dcb07c222bb40a: in 
DEBUG: ran git checkout master in 
DEBUG: ran git reset --hard d41d21d425dd2f49c8c2a3bc15dcb07c222bb40a in 
DEBUG: ran clean --force -d . in 
DEBUG: ran git merge 5fca1a12a724b0b7d607b3889a2ad1a69c0e6087 in 
Merged SHA 5fca1a12a724b0b7d607b3889a2ad1a69c0e6087 with commit message 'chore: Promote bdd-nh-import-1578322858 to version 0.0.1' into base branch master

Showing logs for build [32mcb-kubecd-environment-pr-125-4-sq4w4-1[0m stage [32mfrom-build-pack[0m and container [32mstep-build-helm-build[0m
WARNING: No $CHART_REPOSITORY defined so using the default value of: http://jenkins-x-chartmuseum:8080
Adding missing Helm repo: storage.googleapis.com https://storage.googleapis.com/chartmuseum.jenkins-x.io
Read credentials for https://storage.googleapis.com/chartmuseum.jenkins-x.io from vault helm/repos
Successfully added Helm repository storage.googleapis.com.
Adding missing Helm repo: jenkins-x-chartmuseum http://jenkins-x-chartmuseum:8080
Read credentials for http://jenkins-x-chartmuseum:8080 from vault helm/repos
Successfully added Helm repository jenkins-x-chartmuseum.
WARNING: No $CHART_REPOSITORY defined so using the default value of: http://jenkins-x-chartmuseum:8080
Adding missing Helm repo: chartmuseum.jenkins-x.io http://chartmuseum.jenkins-x.io
Read credentials for http://chartmuseum.jenkins-x.io from vault helm/repos
Successfully added Helm repository chartmuseum.jenkins-x.io.
