
Showing logs for build [32mcb-kubecd-environment-pr-125-4-96477-2[0m stage [32mfrom-build-pack[0m and container [32mstep-credential-initializer-2v28x[0m
{"level":"warn","ts":1578323230.5103476,"logger":"fallback-logger","caller":"logging/config.go:69","msg":"Fetch GitHub commit ID from kodata failed: \"ref: refs/heads/master\" is not a valid GitHub commit ID"}
{"level":"info","ts":1578323230.5139287,"logger":"fallback-logger","caller":"creds-init/main.go:40","msg":"Credentials initialized."}

Showing logs for build [32mcb-kubecd-environment-pr-125-4-96477-2[0m stage [32mfrom-build-pack[0m and container [32mstep-working-dir-initializer-vx27g[0m
{"level":"warn","ts":1578323231.9418087,"logger":"fallback-logger","caller":"logging/config.go:69","msg":"Fetch GitHub commit ID from kodata failed: open /var/run/ko/HEAD: no such file or directory"}
{"level":"info","ts":1578323231.9459603,"logger":"fallback-logger","caller":"bash/main.go:65","msg":"Successfully executed command \"mkdir -p /workspace/source\""}

Showing logs for build [32mcb-kubecd-environment-pr-125-4-96477-2[0m stage [32mfrom-build-pack[0m and container [32mstep-place-tools[0m

Showing logs for build [32mcb-kubecd-environment-pr-125-4-96477-2[0m stage [32mfrom-build-pack[0m and container [32mstep-git-source-cb-kubecd-environment-pr-125-4-xw6x4[0m
{"level":"warn","ts":1578323239.2106035,"logger":"fallback-logger","caller":"logging/config.go:69","msg":"Fetch GitHub commit ID from kodata failed: \"ref: refs/heads/master\" is not a valid GitHub commit ID"}
{"level":"info","ts":1578323240.5908484,"logger":"fallback-logger","caller":"git/git.go:102","msg":"Successfully cloned https://github.com/cb-kubecd/environment-pr-125-4-boot-gke-staging.git @ master in path /workspace/source"}

Showing logs for build [32mcb-kubecd-environment-pr-125-4-96477-2[0m stage [32mfrom-build-pack[0m and container [32mstep-git-merge[0m
Using SHAs from PULL_REFS=master:d41d21d425dd2f49c8c2a3bc15dcb07c222bb40a,5:426ab5181d479ff9b2bf43bd6d5ce6ddaa891ea4
DEBUG: ran git fetch --unshallow origin 426ab5181d479ff9b2bf43bd6d5ce6ddaa891ea4: d41d21d425dd2f49c8c2a3bc15dcb07c222bb40a: in 
DEBUG: ran git checkout master in 
DEBUG: ran git reset --hard d41d21d425dd2f49c8c2a3bc15dcb07c222bb40a in 
DEBUG: ran clean --force -d . in 
DEBUG: ran git merge 426ab5181d479ff9b2bf43bd6d5ce6ddaa891ea4 in 

Showing logs for build [32mcb-kubecd-environment-pr-125-4-96477-2[0m stage [32mfrom-build-pack[0m and container [32mstep-build-helm-build[0m
WARNING: No $CHART_REPOSITORY defined so using the default value of: http://jenkins-x-chartmuseum:8080
Adding missing Helm repo: storage.googleapis.com https://storage.googleapis.com/chartmuseum.jenkins-x.io
Read credentials for https://storage.googleapis.com/chartmuseum.jenkins-x.io from vault helm/repos
Successfully added Helm repository storage.googleapis.com.
Adding missing Helm repo: jenkins-x-chartmuseum http://jenkins-x-chartmuseum:8080
Read credentials for http://jenkins-x-chartmuseum:8080 from vault helm/repos
Successfully added Helm repository jenkins-x-chartmuseum.
WARNING: No $CHART_REPOSITORY defined so using the default value of: http://jenkins-x-chartmuseum:8080
Adding missing Helm repo: chartmuseum.jenkins-x.io http://chartmuseum.jenkins-x.io
Read credentials for http://chartmuseum.jenkins-x.io from vault helm/repos
Successfully added Helm repository chartmuseum.jenkins-x.io.
