
Showing logs for build [32mcb-kubecd-environment-pr-125-4-gjghj-1[0m stage [32mfrom-build-pack[0m and container [32mstep-credential-initializer-57lt5[0m
{"level":"warn","ts":1578324717.618718,"logger":"fallback-logger","caller":"logging/config.go:69","msg":"Fetch GitHub commit ID from kodata failed: \"ref: refs/heads/master\" is not a valid GitHub commit ID"}
{"level":"info","ts":1578324717.6196759,"logger":"fallback-logger","caller":"creds-init/main.go:40","msg":"Credentials initialized."}

Showing logs for build [32mcb-kubecd-environment-pr-125-4-gjghj-1[0m stage [32mfrom-build-pack[0m and container [32mstep-working-dir-initializer-6mqh4[0m
{"level":"warn","ts":1578324718.601105,"logger":"fallback-logger","caller":"logging/config.go:69","msg":"Fetch GitHub commit ID from kodata failed: open /var/run/ko/HEAD: no such file or directory"}
{"level":"info","ts":1578324718.6027336,"logger":"fallback-logger","caller":"bash/main.go:65","msg":"Successfully executed command \"mkdir -p /workspace/source\""}

Showing logs for build [32mcb-kubecd-environment-pr-125-4-gjghj-1[0m stage [32mfrom-build-pack[0m and container [32mstep-place-tools[0m

Showing logs for build [32mcb-kubecd-environment-pr-125-4-gjghj-1[0m stage [32mfrom-build-pack[0m and container [32mstep-git-source-cb-kubecd-environment-pr-125-4-57c5l[0m
{"level":"warn","ts":1578324724.8139417,"logger":"fallback-logger","caller":"logging/config.go:69","msg":"Fetch GitHub commit ID from kodata failed: \"ref: refs/heads/master\" is not a valid GitHub commit ID"}
{"level":"info","ts":1578324726.0048704,"logger":"fallback-logger","caller":"git/git.go:102","msg":"Successfully cloned https://github.com/cb-kubecd/environment-pr-125-4-boot-gke-staging.git @ master in path /workspace/source"}

Showing logs for build [32mcb-kubecd-environment-pr-125-4-gjghj-1[0m stage [32mfrom-build-pack[0m and container [32mstep-git-merge[0m
Using SHAs from PULL_REFS=master:e3ed151e86db73006ec672deac518c8f1d5459d4,8:05e67963cf2e6cb5cdb99f3679947364cb61d91d
DEBUG: ran git fetch --unshallow origin 05e67963cf2e6cb5cdb99f3679947364cb61d91d: e3ed151e86db73006ec672deac518c8f1d5459d4: in 
DEBUG: ran git checkout master in 
DEBUG: ran git reset --hard e3ed151e86db73006ec672deac518c8f1d5459d4 in 
DEBUG: ran clean --force -d . in 
DEBUG: ran git merge 05e67963cf2e6cb5cdb99f3679947364cb61d91d in 
Merged SHA 05e67963cf2e6cb5cdb99f3679947364cb61d91d with commit message 'chore: Promote bdd-ghf**y-import-1578322858 to version 0.0.1' into base branch master

Showing logs for build [32mcb-kubecd-environment-pr-125-4-gjghj-1[0m stage [32mfrom-build-pack[0m and container [32mstep-build-helm-build[0m
WARNING: No $CHART_REPOSITORY defined so using the default value of: http://jenkins-x-chartmuseum:8080
Adding missing Helm repo: storage.googleapis.com https://storage.googleapis.com/chartmuseum.jenkins-x.io
Read credentials for https://storage.googleapis.com/chartmuseum.jenkins-x.io from vault helm/repos
Successfully added Helm repository storage.googleapis.com.
Adding missing Helm repo: jenkins-x-chartmuseum http://jenkins-x-chartmuseum:8080
Read credentials for http://jenkins-x-chartmuseum:8080 from vault helm/repos
Successfully added Helm repository jenkins-x-chartmuseum.
WARNING: No $CHART_REPOSITORY defined so using the default value of: http://jenkins-x-chartmuseum:8080
Adding missing Helm repo: chartmuseum.jenkins-x.io http://chartmuseum.jenkins-x.io
Read credentials for http://chartmuseum.jenkins-x.io from vault helm/repos
Successfully added Helm repository chartmuseum.jenkins-x.io.
