
Showing logs for build [32mcb-kubecd-environment-pr-125-4-x2l5v-1[0m stage [32mfrom-build-pack[0m and container [32mstep-credential-initializer-fxctm[0m
{"level":"warn","ts":1578321724.4527273,"logger":"fallback-logger","caller":"logging/config.go:69","msg":"Fetch GitHub commit ID from kodata failed: \"ref: refs/heads/master\" is not a valid GitHub commit ID"}
{"level":"info","ts":1578321724.4535372,"logger":"fallback-logger","caller":"creds-init/main.go:40","msg":"Credentials initialized."}

Showing logs for build [32mcb-kubecd-environment-pr-125-4-x2l5v-1[0m stage [32mfrom-build-pack[0m and container [32mstep-working-dir-initializer-k7nbs[0m
{"level":"warn","ts":1578321725.4408846,"logger":"fallback-logger","caller":"logging/config.go:69","msg":"Fetch GitHub commit ID from kodata failed: open /var/run/ko/HEAD: no such file or directory"}
{"level":"info","ts":1578321725.4422228,"logger":"fallback-logger","caller":"bash/main.go:65","msg":"Successfully executed command \"mkdir -p /workspace/source\""}

Showing logs for build [32mcb-kubecd-environment-pr-125-4-x2l5v-1[0m stage [32mfrom-build-pack[0m and container [32mstep-place-tools[0m

Showing logs for build [32mcb-kubecd-environment-pr-125-4-x2l5v-1[0m stage [32mfrom-build-pack[0m and container [32mstep-git-source-cb-kubecd-environment-pr-125-4-t672t[0m
{"level":"warn","ts":1578321730.4665864,"logger":"fallback-logger","caller":"logging/config.go:69","msg":"Fetch GitHub commit ID from kodata failed: \"ref: refs/heads/master\" is not a valid GitHub commit ID"}
{"level":"info","ts":1578321731.7283251,"logger":"fallback-logger","caller":"git/git.go:102","msg":"Successfully cloned https://github.com/cb-kubecd/environment-pr-125-4-boot-gke-staging.git @ master in path /workspace/source"}

Showing logs for build [32mcb-kubecd-environment-pr-125-4-x2l5v-1[0m stage [32mfrom-build-pack[0m and container [32mstep-git-merge[0m
Using SHAs from PULL_REFS=master:a77f4013c0de153913472b857589f524c964df74,3:1c290eb3714105be1e3fce60117f54a66155b66d
DEBUG: ran git fetch --unshallow origin 1c290eb3714105be1e3fce60117f54a66155b66d: a77f4013c0de153913472b857589f524c964df74: in 
DEBUG: ran git checkout master in 
DEBUG: ran git reset --hard a77f4013c0de153913472b857589f524c964df74 in 
DEBUG: ran clean --force -d . in 
DEBUG: ran git merge 1c290eb3714105be1e3fce60117f54a66155b66d in 
Merged SHA 1c290eb3714105be1e3fce60117f54a66155b66d with commit message 'chore: Promote bdd-nh-1578320305 to version 0.0.1' into base branch master

Showing logs for build [32mcb-kubecd-environment-pr-125-4-x2l5v-1[0m stage [32mfrom-build-pack[0m and container [32mstep-build-helm-build[0m
WARNING: No $CHART_REPOSITORY defined so using the default value of: http://jenkins-x-chartmuseum:8080
Adding missing Helm repo: storage.googleapis.com https://storage.googleapis.com/chartmuseum.jenkins-x.io
Read credentials for https://storage.googleapis.com/chartmuseum.jenkins-x.io from vault helm/repos
Successfully added Helm repository storage.googleapis.com.
Adding missing Helm repo: jenkins-x-chartmuseum http://jenkins-x-chartmuseum:8080
Read credentials for http://jenkins-x-chartmuseum:8080 from vault helm/repos
Successfully added Helm repository jenkins-x-chartmuseum.
WARNING: No $CHART_REPOSITORY defined so using the default value of: http://jenkins-x-chartmuseum:8080
Adding missing Helm repo: chartmuseum.jenkins-x.io http://chartmuseum.jenkins-x.io
Read credentials for http://chartmuseum.jenkins-x.io from vault helm/repos
Successfully added Helm repository chartmuseum.jenkins-x.io.
