
Showing logs for build [32mcb-kubecd-environment-pr-125-4-7qmhk-1[0m stage [32mfrom-build-pack[0m and container [32mstep-credential-initializer-6krtd[0m
{"level":"warn","ts":1578324171.0178847,"logger":"fallback-logger","caller":"logging/config.go:69","msg":"Fetch GitHub commit ID from kodata failed: \"ref: refs/heads/master\" is not a valid GitHub commit ID"}
{"level":"info","ts":1578324171.0220642,"logger":"fallback-logger","caller":"creds-init/main.go:40","msg":"Credentials initialized."}

Showing logs for build [32mcb-kubecd-environment-pr-125-4-7qmhk-1[0m stage [32mfrom-build-pack[0m and container [32mstep-working-dir-initializer-fhzrs[0m
{"level":"warn","ts":1578324171.9884393,"logger":"fallback-logger","caller":"logging/config.go:69","msg":"Fetch GitHub commit ID from kodata failed: open /var/run/ko/HEAD: no such file or directory"}
{"level":"info","ts":1578324171.9912434,"logger":"fallback-logger","caller":"bash/main.go:65","msg":"Successfully executed command \"mkdir -p /workspace/source\""}

Showing logs for build [32mcb-kubecd-environment-pr-125-4-7qmhk-1[0m stage [32mfrom-build-pack[0m and container [32mstep-place-tools[0m

Showing logs for build [32mcb-kubecd-environment-pr-125-4-7qmhk-1[0m stage [32mfrom-build-pack[0m and container [32mstep-git-source-cb-kubecd-environment-pr-125-4-6w5vs[0m
{"level":"warn","ts":1578324178.1596797,"logger":"fallback-logger","caller":"logging/config.go:69","msg":"Fetch GitHub commit ID from kodata failed: \"ref: refs/heads/master\" is not a valid GitHub commit ID"}
{"level":"info","ts":1578324179.3144727,"logger":"fallback-logger","caller":"git/git.go:102","msg":"Successfully cloned https://github.com/cb-kubecd/environment-pr-125-4-boot-gke-staging.git @ master in path /workspace/source"}

Showing logs for build [32mcb-kubecd-environment-pr-125-4-7qmhk-1[0m stage [32mfrom-build-pack[0m and container [32mstep-git-merge[0m
Using SHAs from PULL_REFS=master:2d7aae798d59f136ebc603a1a79bf800a6a8cf54,7:fb588cd074be5e32f81a48b02ffc2c0e5b3e3e88
DEBUG: ran git fetch --unshallow origin fb588cd074be5e32f81a48b02ffc2c0e5b3e3e88: 2d7aae798d59f136ebc603a1a79bf800a6a8cf54: in 
DEBUG: ran git checkout master in 
DEBUG: ran git reset --hard 2d7aae798d59f136ebc603a1a79bf800a6a8cf54 in 
DEBUG: ran clean --force -d . in 
DEBUG: ran git merge fb588cd074be5e32f81a48b02ffc2c0e5b3e3e88 in 
Merged SHA fb588cd074be5e32f81a48b02ffc2c0e5b3e3e88 with commit message 'chore: Promote bdd-sbrp-import-1578322858 to version 0.0.1' into base branch master

Showing logs for build [32mcb-kubecd-environment-pr-125-4-7qmhk-1[0m stage [32mfrom-build-pack[0m and container [32mstep-build-helm-build[0m
WARNING: No $CHART_REPOSITORY defined so using the default value of: http://jenkins-x-chartmuseum:8080
Adding missing Helm repo: storage.googleapis.com https://storage.googleapis.com/chartmuseum.jenkins-x.io
Read credentials for https://storage.googleapis.com/chartmuseum.jenkins-x.io from vault helm/repos
Successfully added Helm repository storage.googleapis.com.
Adding missing Helm repo: jenkins-x-chartmuseum http://jenkins-x-chartmuseum:8080
Read credentials for http://jenkins-x-chartmuseum:8080 from vault helm/repos
Successfully added Helm repository jenkins-x-chartmuseum.
WARNING: No $CHART_REPOSITORY defined so using the default value of: http://jenkins-x-chartmuseum:8080
Adding missing Helm repo: chartmuseum.jenkins-x.io http://chartmuseum.jenkins-x.io
Read credentials for http://chartmuseum.jenkins-x.io from vault helm/repos
Successfully added Helm repository chartmuseum.jenkins-x.io.
