
Showing logs for build [32mcb-kubecd-environment-pr-125-4-khrml-1[0m stage [32mfrom-build-pack[0m and container [32mstep-credential-initializer-dmc8h[0m
{"level":"warn","ts":1578319486.1802218,"logger":"fallback-logger","caller":"logging/config.go:69","msg":"Fetch GitHub commit ID from kodata failed: \"ref: refs/heads/master\" is not a valid GitHub commit ID"}
{"level":"info","ts":1578319486.183168,"logger":"fallback-logger","caller":"creds-init/main.go:40","msg":"Credentials initialized."}

Showing logs for build [32mcb-kubecd-environment-pr-125-4-khrml-1[0m stage [32mfrom-build-pack[0m and container [32mstep-working-dir-initializer-5wgqj[0m
{"level":"warn","ts":1578319487.111853,"logger":"fallback-logger","caller":"logging/config.go:69","msg":"Fetch GitHub commit ID from kodata failed: open /var/run/ko/HEAD: no such file or directory"}
{"level":"info","ts":1578319487.1136522,"logger":"fallback-logger","caller":"bash/main.go:65","msg":"Successfully executed command \"mkdir -p /workspace/source\""}

Showing logs for build [32mcb-kubecd-environment-pr-125-4-khrml-1[0m stage [32mfrom-build-pack[0m and container [32mstep-place-tools[0m

Showing logs for build [32mcb-kubecd-environment-pr-125-4-khrml-1[0m stage [32mfrom-build-pack[0m and container [32mstep-git-source-cb-kubecd-environment-pr-125-4-cxz79[0m
{"level":"warn","ts":1578319493.2767513,"logger":"fallback-logger","caller":"logging/config.go:69","msg":"Fetch GitHub commit ID from kodata failed: \"ref: refs/heads/master\" is not a valid GitHub commit ID"}
{"level":"info","ts":1578319493.96634,"logger":"fallback-logger","caller":"git/git.go:102","msg":"Successfully cloned https://github.com/cb-kubecd/environment-pr-125-4-boot-gke-staging.git @ master in path /workspace/source"}

Showing logs for build [32mcb-kubecd-environment-pr-125-4-khrml-1[0m stage [32mfrom-build-pack[0m and container [32mstep-git-merge[0m
Using SHAs from PULL_REFS=master:a6f7ad14556de32a185aa4eccd11e6e6958ec7a2,1:d10466ce2560dad867ebf2405c94eb2198cf23b6
DEBUG: ran git fetch --unshallow origin d10466ce2560dad867ebf2405c94eb2198cf23b6: a6f7ad14556de32a185aa4eccd11e6e6958ec7a2: in 
DEBUG: ran git checkout master in 
DEBUG: ran git reset --hard a6f7ad14556de32a185aa4eccd11e6e6958ec7a2 in 
DEBUG: ran clean --force -d . in 
DEBUG: ran git merge d10466ce2560dad867ebf2405c94eb2198cf23b6 in 
Merged SHA d10466ce2560dad867ebf2405c94eb2198cf23b6 with commit message 'chore: Promote bdd-spring-1578319122 to version 0.0.1' into base branch master

Showing logs for build [32mcb-kubecd-environment-pr-125-4-khrml-1[0m stage [32mfrom-build-pack[0m and container [32mstep-build-helm-build[0m
WARNING: No $CHART_REPOSITORY defined so using the default value of: http://jenkins-x-chartmuseum:8080
Adding missing Helm repo: storage.googleapis.com https://storage.googleapis.com/chartmuseum.jenkins-x.io
Read credentials for https://storage.googleapis.com/chartmuseum.jenkins-x.io from vault helm/repos
Successfully added Helm repository storage.googleapis.com.
Adding missing Helm repo: jenkins-x-chartmuseum http://jenkins-x-chartmuseum:8080
Read credentials for http://jenkins-x-chartmuseum:8080 from vault helm/repos
Successfully added Helm repository jenkins-x-chartmuseum.
WARNING: No $CHART_REPOSITORY defined so using the default value of: http://jenkins-x-chartmuseum:8080
Adding missing Helm repo: chartmuseum.jenkins-x.io http://chartmuseum.jenkins-x.io
Read credentials for http://chartmuseum.jenkins-x.io from vault helm/repos
Successfully added Helm repository chartmuseum.jenkins-x.io.
